{"/Users/ankit.agarwal/Documents/projects/hipi-web/src/api-base.js": {"path":"/Users/ankit.agarwal/Documents/projects/hipi-web/src/api-base.js","statementMap":{"0":{"start":{"line":3,"column":20},"end":{"line":3,"column":44}}},"fnMap":{},"branchMap":{},"s":{"0":0},"f":{},"b":{},"hash":"6e4bcdd53c946671e71049687788a4d454cc02ca"}
,"/Users/ankit.agarwal/Documents/projects/hipi-web/src/config.js": {"path":"/Users/ankit.agarwal/Documents/projects/hipi-web/src/config.js","statementMap":{},"fnMap":{},"branchMap":{},"s":{},"f":{},"b":{},"hash":"bf6d15aa2fdab1f65060b2e957bd144a5ec1b9bf"}
,"/Users/ankit.agarwal/Documents/projects/hipi-web/src/service-worker.js": {"path":"/Users/ankit.agarwal/Documents/projects/hipi-web/src/service-worker.js","statementMap":{"0":{"start":{"line":9,"column":0},"end":{"line":14,"column":3}},"1":{"start":{"line":10,"column":2},"end":{"line":13,"column":3}},"2":{"start":{"line":11,"column":4},"end":{"line":11,"column":23}},"3":{"start":{"line":12,"column":4},"end":{"line":12,"column":25}},"4":{"start":{"line":19,"column":20},"end":{"line":19,"column":38}},"5":{"start":{"line":22,"column":0},"end":{"line":27,"column":2}},"6":{"start":{"line":29,"column":0},"end":{"line":29,"column":30}},"7":{"start":{"line":31,"column":0},"end":{"line":31,"column":24}},"8":{"start":{"line":33,"column":0},"end":{"line":40,"column":2}},"9":{"start":{"line":42,"column":0},"end":{"line":49,"column":2}},"10":{"start":{"line":50,"column":0},"end":{"line":57,"column":2}},"11":{"start":{"line":59,"column":0},"end":{"line":66,"column":2}},"12":{"start":{"line":67,"column":0},"end":{"line":74,"column":2}},"13":{"start":{"line":76,"column":0},"end":{"line":83,"column":2}},"14":{"start":{"line":85,"column":0},"end":{"line":92,"column":2}},"15":{"start":{"line":94,"column":0},"end":{"line":102,"column":2}},"16":{"start":{"line":104,"column":0},"end":{"line":112,"column":2}},"17":{"start":{"line":114,"column":0},"end":{"line":122,"column":2}},"18":{"start":{"line":128,"column":0},"end":{"line":128,"column":46}},"19":{"start":{"line":132,"column":0},"end":{"line":161,"column":3}},"20":{"start":{"line":141,"column":2},"end":{"line":159,"column":3}},"21":{"start":{"line":144,"column":6},"end":{"line":144,"column":40}},"22":{"start":{"line":150,"column":6},"end":{"line":150,"column":12}},"23":{"start":{"line":158,"column":6},"end":{"line":158,"column":30}},"24":{"start":{"line":160,"column":2},"end":{"line":160,"column":15}}},"fnMap":{"0":{"name":"(anonymous_0)","decl":{"start":{"line":9,"column":33},"end":{"line":9,"column":34}},"loc":{"start":{"line":9,"column":42},"end":{"line":14,"column":1}},"line":9},"1":{"name":"(anonymous_1)","decl":{"start":{"line":132,"column":16},"end":{"line":132,"column":17}},"loc":{"start":{"line":132,"column":31},"end":{"line":161,"column":1}},"line":132}},"branchMap":{"0":{"loc":{"start":{"line":10,"column":2},"end":{"line":13,"column":3}},"type":"if","locations":[{"start":{"line":10,"column":2},"end":{"line":13,"column":3}},{"start":{"line":10,"column":2},"end":{"line":13,"column":3}}],"line":10},"1":{"loc":{"start":{"line":10,"column":6},"end":{"line":10,"column":54}},"type":"binary-expr","locations":[{"start":{"line":10,"column":6},"end":{"line":10,"column":16}},{"start":{"line":10,"column":20},"end":{"line":10,"column":54}}],"line":10},"2":{"loc":{"start":{"line":141,"column":2},"end":{"line":159,"column":3}},"type":"switch","locations":[{"start":{"line":142,"column":4},"end":{"line":144,"column":40}},{"start":{"line":146,"column":4},"end":{"line":150,"column":12}},{"start":{"line":156,"column":4},"end":{"line":158,"column":30}}],"line":141}},"s":{"0":0,"1":0,"2":0,"3":0,"4":0,"5":0,"6":0,"7":0,"8":0,"9":0,"10":0,"11":0,"12":0,"13":0,"14":0,"15":0,"16":0,"17":0,"18":0,"19":0,"20":0,"21":0,"22":0,"23":0,"24":0},"f":{"0":0,"1":0},"b":{"0":[0,0],"1":[0,0],"2":[0,0,0]},"hash":"1e69f1e9c9575557554ce76a298f02dcf8a55f1d"}
,"/Users/ankit.agarwal/Documents/projects/hipi-web/src/components/commons/component-state-handler.js": {"path":"/Users/ankit.agarwal/Documents/projects/hipi-web/src/components/commons/component-state-handler.js","statementMap":{"0":{"start":{"line":8,"column":2},"end":{"line":11,"column":3}},"1":{"start":{"line":9,"column":4},"end":{"line":10,"column":29}},"2":{"start":{"line":12,"column":2},"end":{"line":12,"column":64}},"3":{"start":{"line":12,"column":24},"end":{"line":12,"column":64}},"4":{"start":{"line":13,"column":2},"end":{"line":13,"column":50}},"5":{"start":{"line":13,"column":27},"end":{"line":13,"column":50}},"6":{"start":{"line":22,"column":38},"end":{"line":22,"column":57}},"7":{"start":{"line":23,"column":26},"end":{"line":23,"column":40}},"8":{"start":{"line":24,"column":2},"end":{"line":35,"column":9}},"9":{"start":{"line":25,"column":4},"end":{"line":34,"column":9}},"10":{"start":{"line":26,"column":6},"end":{"line":33,"column":7}},"11":{"start":{"line":27,"column":21},"end":{"line":27,"column":40}},"12":{"start":{"line":28,"column":8},"end":{"line":28,"column":22}},"13":{"start":{"line":29,"column":8},"end":{"line":29,"column":47}},"14":{"start":{"line":29,"column":27},"end":{"line":29,"column":47}},"15":{"start":{"line":30,"column":8},"end":{"line":30,"column":33}},"16":{"start":{"line":32,"column":8},"end":{"line":32,"column":30}},"17":{"start":{"line":36,"column":2},"end":{"line":36,"column":28}}},"fnMap":{"0":{"name":"ComponentStateHandler","decl":{"start":{"line":5,"column":9},"end":{"line":5,"column":30}},"loc":{"start":{"line":7,"column":3},"end":{"line":14,"column":1}},"line":7},"1":{"name":"useFetcher","decl":{"start":{"line":21,"column":9},"end":{"line":21,"column":19}},"loc":{"start":{"line":21,"column":48},"end":{"line":37,"column":1}},"line":21},"2":{"name":"(anonymous_2)","decl":{"start":{"line":24,"column":12},"end":{"line":24,"column":13}},"loc":{"start":{"line":24,"column":18},"end":{"line":35,"column":3}},"line":24},"3":{"name":"(anonymous_3)","decl":{"start":{"line":25,"column":5},"end":{"line":25,"column":6}},"loc":{"start":{"line":25,"column":17},"end":{"line":34,"column":5}},"line":25}},"branchMap":{"0":{"loc":{"start":{"line":8,"column":2},"end":{"line":11,"column":3}},"type":"if","locations":[{"start":{"line":8,"column":2},"end":{"line":11,"column":3}},{"start":{"line":8,"column":2},"end":{"line":11,"column":3}}],"line":8},"1":{"loc":{"start":{"line":9,"column":11},"end":{"line":10,"column":28}},"type":"cond-expr","locations":[{"start":{"line":9,"column":20},"end":{"line":9,"column":30}},{"start":{"line":10,"column":9},"end":{"line":10,"column":27}}],"line":9},"2":{"loc":{"start":{"line":12,"column":2},"end":{"line":12,"column":64}},"type":"if","locations":[{"start":{"line":12,"column":2},"end":{"line":12,"column":64}},{"start":{"line":12,"column":2},"end":{"line":12,"column":64}}],"line":12},"3":{"loc":{"start":{"line":12,"column":31},"end":{"line":12,"column":63}},"type":"cond-expr","locations":[{"start":{"line":12,"column":43},"end":{"line":12,"column":56}},{"start":{"line":12,"column":59},"end":{"line":12,"column":63}}],"line":12},"4":{"loc":{"start":{"line":13,"column":2},"end":{"line":13,"column":50}},"type":"if","locations":[{"start":{"line":13,"column":2},"end":{"line":13,"column":50}},{"start":{"line":13,"column":2},"end":{"line":13,"column":50}}],"line":13},"5":{"loc":{"start":{"line":29,"column":8},"end":{"line":29,"column":47}},"type":"if","locations":[{"start":{"line":29,"column":8},"end":{"line":29,"column":47}},{"start":{"line":29,"column":8},"end":{"line":29,"column":47}}],"line":29}},"s":{"0":0,"1":0,"2":0,"3":0,"4":0,"5":0,"6":0,"7":0,"8":0,"9":0,"10":0,"11":0,"12":0,"13":0,"14":0,"15":0,"16":0,"17":0},"f":{"0":0,"1":0,"2":0,"3":0},"b":{"0":[0,0],"1":[0,0],"2":[0,0],"3":[0,0],"4":[0,0],"5":[0,0]},"hash":"56bbfca4a630068a70202c9630c4cc48d8840ff5"}
,"/Users/ankit.agarwal/Documents/projects/hipi-web/src/components/commons/circular-loader/index.js": {"path":"/Users/ankit.agarwal/Documents/projects/hipi-web/src/components/commons/circular-loader/index.js","statementMap":{"0":{"start":{"line":4,"column":25},"end":{"line":6,"column":1}},"1":{"start":{"line":5,"column":2},"end":{"line":5,"column":111}}},"fnMap":{"0":{"name":"(anonymous_0)","decl":{"start":{"line":4,"column":25},"end":{"line":4,"column":26}},"loc":{"start":{"line":5,"column":2},"end":{"line":5,"column":111}},"line":5}},"branchMap":{},"s":{"0":0,"1":0},"f":{"0":0},"b":{},"hash":"320279c88e52e881684b676f04358edb4506ccf4"}
,"/Users/ankit.agarwal/Documents/projects/hipi-web/src/components/commons/layout/index.js": {"path":"/Users/ankit.agarwal/Documents/projects/hipi-web/src/components/commons/layout/index.js","statementMap":{"0":{"start":{"line":3,"column":15},"end":{"line":18,"column":1}},"1":{"start":{"line":4,"column":2},"end":{"line":17,"column":8}}},"fnMap":{"0":{"name":"(anonymous_0)","decl":{"start":{"line":3,"column":15},"end":{"line":3,"column":16}},"loc":{"start":{"line":4,"column":2},"end":{"line":17,"column":8}},"line":4}},"branchMap":{},"s":{"0":0,"1":0},"f":{"0":0},"b":{},"hash":"5d2dde5a69f5896d4b92a0dff6f83d7393cfa736"}
,"/Users/ankit.agarwal/Documents/projects/hipi-web/src/components/github-repo-details/index.js": {"path":"/Users/ankit.agarwal/Documents/projects/hipi-web/src/components/github-repo-details/index.js","statementMap":{"0":{"start":{"line":5,"column":26},"end":{"line":55,"column":1}},"1":{"start":{"line":6,"column":43},"end":{"line":6,"column":48}},"2":{"start":{"line":7,"column":26},"end":{"line":7,"column":38}},"3":{"start":{"line":8,"column":22},"end":{"line":8,"column":68}},"4":{"start":{"line":8,"column":28},"end":{"line":8,"column":68}},"5":{"start":{"line":9,"column":24},"end":{"line":9,"column":45}},"6":{"start":{"line":9,"column":32},"end":{"line":9,"column":45}},"7":{"start":{"line":10,"column":23},"end":{"line":10,"column":61}},"8":{"start":{"line":13,"column":4},"end":{"line":20,"column":6}},"9":{"start":{"line":24,"column":15},"end":{"line":24,"column":17}},"10":{"start":{"line":25,"column":4},"end":{"line":29,"column":5}},"11":{"start":{"line":26,"column":6},"end":{"line":26,"column":43}},"12":{"start":{"line":28,"column":6},"end":{"line":28,"column":27}},"13":{"start":{"line":30,"column":4},"end":{"line":39,"column":6}},"14":{"start":{"line":41,"column":2},"end":{"line":54,"column":4}},"15":{"start":{"line":49,"column":54},"end":{"line":49,"column":86}}},"fnMap":{"0":{"name":"(anonymous_0)","decl":{"start":{"line":5,"column":26},"end":{"line":5,"column":27}},"loc":{"start":{"line":5,"column":35},"end":{"line":55,"column":1}},"line":5},"1":{"name":"(anonymous_1)","decl":{"start":{"line":8,"column":22},"end":{"line":8,"column":23}},"loc":{"start":{"line":8,"column":28},"end":{"line":8,"column":68}},"line":8},"2":{"name":"(anonymous_2)","decl":{"start":{"line":9,"column":24},"end":{"line":9,"column":25}},"loc":{"start":{"line":9,"column":32},"end":{"line":9,"column":45}},"line":9},"3":{"name":"CustomLoader","decl":{"start":{"line":12,"column":11},"end":{"line":12,"column":23}},"loc":{"start":{"line":12,"column":26},"end":{"line":21,"column":3}},"line":12},"4":{"name":"renderData","decl":{"start":{"line":23,"column":11},"end":{"line":23,"column":21}},"loc":{"start":{"line":23,"column":44},"end":{"line":40,"column":3}},"line":23},"5":{"name":"(anonymous_5)","decl":{"start":{"line":49,"column":34},"end":{"line":49,"column":35}},"loc":{"start":{"line":49,"column":54},"end":{"line":49,"column":86}},"line":49}},"branchMap":{"0":{"loc":{"start":{"line":6,"column":10},"end":{"line":6,"column":22}},"type":"default-arg","locations":[{"start":{"line":6,"column":20},"end":{"line":6,"column":22}}],"line":6},"1":{"loc":{"start":{"line":6,"column":24},"end":{"line":6,"column":38}},"type":"default-arg","locations":[{"start":{"line":6,"column":36},"end":{"line":6,"column":38}}],"line":6},"2":{"loc":{"start":{"line":25,"column":4},"end":{"line":29,"column":5}},"type":"if","locations":[{"start":{"line":25,"column":4},"end":{"line":29,"column":5}},{"start":{"line":25,"column":4},"end":{"line":29,"column":5}}],"line":25},"3":{"loc":{"start":{"line":25,"column":8},"end":{"line":25,"column":71}},"type":"binary-expr","locations":[{"start":{"line":25,"column":8},"end":{"line":25,"column":36}},{"start":{"line":25,"column":40},"end":{"line":25,"column":71}}],"line":25}},"s":{"0":0,"1":0,"2":0,"3":0,"4":0,"5":0,"6":0,"7":0,"8":0,"9":0,"10":0,"11":0,"12":0,"13":0,"14":0,"15":0},"f":{"0":0,"1":0,"2":0,"3":0,"4":0,"5":0},"b":{"0":[0],"1":[0],"2":[0,0],"3":[0,0]},"hash":"7b6fa271674df2e003fe40fd1aedfc871e0befa8"}
,"/Users/ankit.agarwal/Documents/projects/hipi-web/src/components/github-repo-list/index.js": {"path":"/Users/ankit.agarwal/Documents/projects/hipi-web/src/components/github-repo-list/index.js","statementMap":{"0":{"start":{"line":6,"column":23},"end":{"line":22,"column":1}},"1":{"start":{"line":7,"column":28},"end":{"line":7,"column":40}},"2":{"start":{"line":8,"column":38},"end":{"line":8,"column":49}},"3":{"start":{"line":9,"column":22},"end":{"line":9,"column":59}},"4":{"start":{"line":9,"column":28},"end":{"line":9,"column":59}},"5":{"start":{"line":10,"column":24},"end":{"line":13,"column":3}},"6":{"start":{"line":11,"column":4},"end":{"line":11,"column":25}},"7":{"start":{"line":12,"column":4},"end":{"line":12,"column":35}},"8":{"start":{"line":14,"column":23},"end":{"line":14,"column":61}},"9":{"start":{"line":15,"column":2},"end":{"line":21,"column":4}}},"fnMap":{"0":{"name":"(anonymous_0)","decl":{"start":{"line":6,"column":23},"end":{"line":6,"column":24}},"loc":{"start":{"line":6,"column":29},"end":{"line":22,"column":1}},"line":6},"1":{"name":"(anonymous_1)","decl":{"start":{"line":9,"column":22},"end":{"line":9,"column":23}},"loc":{"start":{"line":9,"column":28},"end":{"line":9,"column":59}},"line":9},"2":{"name":"(anonymous_2)","decl":{"start":{"line":10,"column":24},"end":{"line":10,"column":25}},"loc":{"start":{"line":10,"column":32},"end":{"line":13,"column":3}},"line":10}},"branchMap":{},"s":{"0":0,"1":0,"2":0,"3":0,"4":0,"5":0,"6":0,"7":0,"8":0,"9":0},"f":{"0":0,"1":0,"2":0},"b":{},"hash":"ed6eb341657afe75aaa9da6c89861029afcb10d7"}
,"/Users/ankit.agarwal/Documents/projects/hipi-web/src/components/search-results/index.js": {"path":"/Users/ankit.agarwal/Documents/projects/hipi-web/src/components/search-results/index.js","statementMap":{"0":{"start":{"line":5,"column":2},"end":{"line":5,"column":47}},"1":{"start":{"line":5,"column":35},"end":{"line":5,"column":45}},"2":{"start":{"line":6,"column":2},"end":{"line":6,"column":46}},"3":{"start":{"line":6,"column":35},"end":{"line":6,"column":44}},"4":{"start":{"line":7,"column":2},"end":{"line":7,"column":11}},"5":{"start":{"line":10,"column":22},"end":{"line":41,"column":1}},"6":{"start":{"line":11,"column":2},"end":{"line":40,"column":5}},"7":{"start":{"line":22,"column":12},"end":{"line":35,"column":17}}},"fnMap":{"0":{"name":"compare","decl":{"start":{"line":4,"column":9},"end":{"line":4,"column":16}},"loc":{"start":{"line":4,"column":23},"end":{"line":8,"column":1}},"line":4},"1":{"name":"(anonymous_1)","decl":{"start":{"line":10,"column":22},"end":{"line":10,"column":23}},"loc":{"start":{"line":11,"column":2},"end":{"line":40,"column":5}},"line":11},"2":{"name":"(anonymous_2)","decl":{"start":{"line":21,"column":43},"end":{"line":21,"column":44}},"loc":{"start":{"line":22,"column":12},"end":{"line":35,"column":17}},"line":22}},"branchMap":{"0":{"loc":{"start":{"line":5,"column":2},"end":{"line":5,"column":47}},"type":"if","locations":[{"start":{"line":5,"column":2},"end":{"line":5,"column":47}},{"start":{"line":5,"column":2},"end":{"line":5,"column":47}}],"line":5},"1":{"loc":{"start":{"line":6,"column":2},"end":{"line":6,"column":46}},"type":"if","locations":[{"start":{"line":6,"column":2},"end":{"line":6,"column":46}},{"start":{"line":6,"column":2},"end":{"line":6,"column":46}}],"line":6},"2":{"loc":{"start":{"line":21,"column":10},"end":{"line":36,"column":12}},"type":"binary-expr","locations":[{"start":{"line":21,"column":10},"end":{"line":21,"column":15}},{"start":{"line":21,"column":19},"end":{"line":36,"column":12}}],"line":21}},"s":{"0":1,"1":0,"2":1,"3":1,"4":0,"5":1,"6":1,"7":2},"f":{"0":1,"1":1,"2":2},"b":{"0":[0,1],"1":[1,0],"2":[1,1]},"_coverageSchema":"43e27e138ebf9cfc5966b082cf9a028302ed4184","hash":"03d6e831d4233139809b7c2d6b21dd7830eaf016"}
,"/Users/ankit.agarwal/Documents/projects/hipi-web/src/hooks/use-route-state.js": {"path":"/Users/ankit.agarwal/Documents/projects/hipi-web/src/hooks/use-route-state.js","statementMap":{"0":{"start":{"line":4,"column":26},"end":{"line":6,"column":2}},"1":{"start":{"line":8,"column":34},"end":{"line":25,"column":1}},"2":{"start":{"line":9,"column":14},"end":{"line":18,"column":3}},"3":{"start":{"line":10,"column":4},"end":{"line":12,"column":5}},"4":{"start":{"line":11,"column":6},"end":{"line":11,"column":16}},"5":{"start":{"line":13,"column":17},"end":{"line":13,"column":41}},"6":{"start":{"line":14,"column":26},"end":{"line":14,"column":49}},"7":{"start":{"line":15,"column":23},"end":{"line":15,"column":85}},"8":{"start":{"line":16,"column":4},"end":{"line":16,"column":52}},"9":{"start":{"line":17,"column":4},"end":{"line":17,"column":28}},"10":{"start":{"line":20,"column":2},"end":{"line":24,"column":4}},"11":{"start":{"line":27,"column":21},"end":{"line":27,"column":50}}},"fnMap":{"0":{"name":"(anonymous_0)","decl":{"start":{"line":5,"column":7},"end":{"line":5,"column":8}},"loc":{"start":{"line":5,"column":13},"end":{"line":5,"column":16}},"line":5},"1":{"name":"(anonymous_1)","decl":{"start":{"line":8,"column":34},"end":{"line":8,"column":35}},"loc":{"start":{"line":8,"column":52},"end":{"line":25,"column":1}},"line":8},"2":{"name":"(anonymous_2)","decl":{"start":{"line":9,"column":14},"end":{"line":9,"column":15}},"loc":{"start":{"line":9,"column":20},"end":{"line":18,"column":3}},"line":9},"3":{"name":"(anonymous_3)","decl":{"start":{"line":27,"column":15},"end":{"line":27,"column":16}},"loc":{"start":{"line":27,"column":21},"end":{"line":27,"column":50}},"line":27}},"branchMap":{"0":{"loc":{"start":{"line":10,"column":4},"end":{"line":12,"column":5}},"type":"if","locations":[{"start":{"line":10,"column":4},"end":{"line":12,"column":5}},{"start":{"line":10,"column":4},"end":{"line":12,"column":5}}],"line":10},"1":{"loc":{"start":{"line":15,"column":34},"end":{"line":15,"column":84}},"type":"binary-expr","locations":[{"start":{"line":15,"column":34},"end":{"line":15,"column":78}},{"start":{"line":15,"column":82},"end":{"line":15,"column":84}}],"line":15},"2":{"loc":{"start":{"line":17,"column":11},"end":{"line":17,"column":27}},"type":"binary-expr","locations":[{"start":{"line":17,"column":11},"end":{"line":17,"column":21}},{"start":{"line":17,"column":25},"end":{"line":17,"column":27}}],"line":17}},"s":{"0":0,"1":0,"2":0,"3":0,"4":0,"5":0,"6":0,"7":0,"8":0,"9":0,"10":0,"11":0},"f":{"0":0,"1":0,"2":0,"3":0},"b":{"0":[0,0],"1":[0,0],"2":[0,0]},"hash":"9d2c555385057ff0dc610fadca9bf902225d32d1"}
,"/Users/ankit.agarwal/Documents/projects/hipi-web/src/network/index.js": {"path":"/Users/ankit.agarwal/Documents/projects/hipi-web/src/network/index.js","statementMap":{"0":{"start":{"line":3,"column":16},"end":{"line":10,"column":2}},"1":{"start":{"line":3,"column":56},"end":{"line":10,"column":1}},"2":{"start":{"line":12,"column":16},"end":{"line":14,"column":2}},"3":{"start":{"line":12,"column":22},"end":{"line":14,"column":2}},"4":{"start":{"line":13,"column":2},"end":{"line":13,"column":65}},"5":{"start":{"line":13,"column":19},"end":{"line":13,"column":57}},"6":{"start":{"line":17,"column":22},"end":{"line":17,"column":153}},"7":{"start":{"line":17,"column":36},"end":{"line":17,"column":153}},"8":{"start":{"line":17,"column":60},"end":{"line":17,"column":153}},"9":{"start":{"line":18,"column":19},"end":{"line":18,"column":39}},"10":{"start":{"line":19,"column":20},"end":{"line":19,"column":41}},"11":{"start":{"line":20,"column":19},"end":{"line":20,"column":39}},"12":{"start":{"line":21,"column":21},"end":{"line":21,"column":43}},"13":{"start":{"line":22,"column":19},"end":{"line":22,"column":42}}},"fnMap":{"0":{"name":"(anonymous_0)","decl":{"start":{"line":3,"column":16},"end":{"line":3,"column":17}},"loc":{"start":{"line":3,"column":56},"end":{"line":10,"column":1}},"line":3},"1":{"name":"(anonymous_1)","decl":{"start":{"line":12,"column":16},"end":{"line":12,"column":17}},"loc":{"start":{"line":12,"column":22},"end":{"line":14,"column":2}},"line":12},"2":{"name":"(anonymous_2)","decl":{"start":{"line":12,"column":34},"end":{"line":12,"column":35}},"loc":{"start":{"line":12,"column":55},"end":{"line":14,"column":1}},"line":12},"3":{"name":"(anonymous_3)","decl":{"start":{"line":13,"column":13},"end":{"line":13,"column":14}},"loc":{"start":{"line":13,"column":19},"end":{"line":13,"column":57}},"line":13},"4":{"name":"(anonymous_4)","decl":{"start":{"line":17,"column":22},"end":{"line":17,"column":23}},"loc":{"start":{"line":17,"column":36},"end":{"line":17,"column":153}},"line":17},"5":{"name":"(anonymous_5)","decl":{"start":{"line":17,"column":36},"end":{"line":17,"column":37}},"loc":{"start":{"line":17,"column":60},"end":{"line":17,"column":153}},"line":17}},"branchMap":{"0":{"loc":{"start":{"line":3,"column":35},"end":{"line":3,"column":50}},"type":"default-arg","locations":[{"start":{"line":3,"column":48},"end":{"line":3,"column":50}}],"line":3},"1":{"loc":{"start":{"line":5,"column":5},"end":{"line":5,"column":43}},"type":"binary-expr","locations":[{"start":{"line":5,"column":5},"end":{"line":5,"column":9}},{"start":{"line":5,"column":13},"end":{"line":5,"column":43}}],"line":5}},"s":{"0":1,"1":5,"2":1,"3":5,"4":5,"5":0,"6":1,"7":5,"8":5,"9":1,"10":1,"11":1,"12":1,"13":1},"f":{"0":5,"1":5,"2":5,"3":0,"4":5,"5":5},"b":{"0":[5],"1":[5,3]},"_coverageSchema":"43e27e138ebf9cfc5966b082cf9a028302ed4184","hash":"e928fe0a4a1f6a6eeb080bf249fec620f3a01b4f"}
,"/Users/ankit.agarwal/Documents/projects/hipi-web/src/network/parse-response.js": {"path":"/Users/ankit.agarwal/Documents/projects/hipi-web/src/network/parse-response.js","statementMap":{"0":{"start":{"line":3,"column":18},"end":{"line":12,"column":1}},"1":{"start":{"line":4,"column":2},"end":{"line":6,"column":3}},"2":{"start":{"line":5,"column":4},"end":{"line":5,"column":22}},"3":{"start":{"line":7,"column":2},"end":{"line":11,"column":3}},"4":{"start":{"line":8,"column":29},"end":{"line":8,"column":47}},"5":{"start":{"line":9,"column":23},"end":{"line":9,"column":41}},"6":{"start":{"line":10,"column":13},"end":{"line":10,"column":31}},"7":{"start":{"line":14,"column":20},"end":{"line":22,"column":1}},"8":{"start":{"line":15,"column":2},"end":{"line":15,"column":21}},"9":{"start":{"line":15,"column":14},"end":{"line":15,"column":21}},"10":{"start":{"line":17,"column":15},"end":{"line":17,"column":35}},"11":{"start":{"line":18,"column":16},"end":{"line":18,"column":47}},"12":{"start":{"line":19,"column":2},"end":{"line":19,"column":32}},"13":{"start":{"line":20,"column":2},"end":{"line":20,"column":25}},"14":{"start":{"line":21,"column":2},"end":{"line":21,"column":14}},"15":{"start":{"line":24,"column":19},"end":{"line":36,"column":1}},"16":{"start":{"line":25,"column":21},"end":{"line":25,"column":61}},"17":{"start":{"line":27,"column":2},"end":{"line":27,"column":29}},"18":{"start":{"line":27,"column":19},"end":{"line":27,"column":29}},"19":{"start":{"line":29,"column":2},"end":{"line":35,"column":4}},"20":{"start":{"line":30,"column":28},"end":{"line":33,"column":5}},"21":{"start":{"line":32,"column":19},"end":{"line":32,"column":29}},"22":{"start":{"line":39,"column":2},"end":{"line":39,"column":39}},"23":{"start":{"line":39,"column":15},"end":{"line":39,"column":39}},"24":{"start":{"line":40,"column":2},"end":{"line":44,"column":4}}},"fnMap":{"0":{"name":"(anonymous_0)","decl":{"start":{"line":3,"column":18},"end":{"line":3,"column":19}},"loc":{"start":{"line":3,"column":31},"end":{"line":12,"column":1}},"line":3},"1":{"name":"(anonymous_1)","decl":{"start":{"line":14,"column":20},"end":{"line":14,"column":21}},"loc":{"start":{"line":14,"column":33},"end":{"line":22,"column":1}},"line":14},"2":{"name":"(anonymous_2)","decl":{"start":{"line":24,"column":19},"end":{"line":24,"column":20}},"loc":{"start":{"line":24,"column":26},"end":{"line":36,"column":1}},"line":24},"3":{"name":"(anonymous_3)","decl":{"start":{"line":30,"column":4},"end":{"line":30,"column":5}},"loc":{"start":{"line":30,"column":28},"end":{"line":33,"column":5}},"line":30},"4":{"name":"(anonymous_4)","decl":{"start":{"line":32,"column":13},"end":{"line":32,"column":14}},"loc":{"start":{"line":32,"column":19},"end":{"line":32,"column":29}},"line":32},"5":{"name":"(anonymous_5)","decl":{"start":{"line":38,"column":15},"end":{"line":38,"column":16}},"loc":{"start":{"line":38,"column":28},"end":{"line":45,"column":1}},"line":38}},"branchMap":{"0":{"loc":{"start":{"line":4,"column":2},"end":{"line":6,"column":3}},"type":"if","locations":[{"start":{"line":4,"column":2},"end":{"line":6,"column":3}},{"start":{"line":4,"column":2},"end":{"line":6,"column":3}}],"line":4},"1":{"loc":{"start":{"line":7,"column":2},"end":{"line":11,"column":3}},"type":"switch","locations":[{"start":{"line":8,"column":4},"end":{"line":8,"column":47}},{"start":{"line":9,"column":4},"end":{"line":9,"column":41}},{"start":{"line":10,"column":4},"end":{"line":10,"column":31}}],"line":7},"2":{"loc":{"start":{"line":15,"column":2},"end":{"line":15,"column":21}},"type":"if","locations":[{"start":{"line":15,"column":2},"end":{"line":15,"column":21}},{"start":{"line":15,"column":2},"end":{"line":15,"column":21}}],"line":15},"3":{"loc":{"start":{"line":18,"column":26},"end":{"line":18,"column":46}},"type":"binary-expr","locations":[{"start":{"line":18,"column":26},"end":{"line":18,"column":38}},{"start":{"line":18,"column":42},"end":{"line":18,"column":46}}],"line":18},"4":{"loc":{"start":{"line":27,"column":2},"end":{"line":27,"column":29}},"type":"if","locations":[{"start":{"line":27,"column":2},"end":{"line":27,"column":29}},{"start":{"line":27,"column":2},"end":{"line":27,"column":29}}],"line":27},"5":{"loc":{"start":{"line":39,"column":2},"end":{"line":39,"column":39}},"type":"if","locations":[{"start":{"line":39,"column":2},"end":{"line":39,"column":39}},{"start":{"line":39,"column":2},"end":{"line":39,"column":39}}],"line":39}},"s":{"0":2,"1":10,"2":0,"3":10,"4":2,"5":3,"6":0,"7":2,"8":2,"9":0,"10":2,"11":2,"12":2,"13":2,"14":2,"15":2,"16":3,"17":3,"18":2,"19":1,"20":2,"21":1,"22":10,"23":2,"24":8},"f":{"0":10,"1":2,"2":3,"3":2,"4":1,"5":10},"b":{"0":[0,10],"1":[2,3,0],"2":[0,2],"3":[2,1],"4":[2,1],"5":[2,8]},"_coverageSchema":"43e27e138ebf9cfc5966b082cf9a028302ed4184","hash":"5c56f4cb78451f13eac5e3e4a3d835ab692ca9f9"}
,"/Users/ankit.agarwal/Documents/projects/hipi-web/src/sources/repo-details/index.js": {"path":"/Users/ankit.agarwal/Documents/projects/hipi-web/src/sources/repo-details/index.js","statementMap":{"0":{"start":{"line":7,"column":17},"end":{"line":7,"column":19}},"1":{"start":{"line":8,"column":2},"end":{"line":15,"column":3}},"2":{"start":{"line":9,"column":20},"end":{"line":9,"column":59}},"3":{"start":{"line":10,"column":4},"end":{"line":10,"column":34}},"4":{"start":{"line":11,"column":4},"end":{"line":11,"column":57}},"5":{"start":{"line":12,"column":4},"end":{"line":12,"column":42}},"6":{"start":{"line":14,"column":4},"end":{"line":14,"column":31}},"7":{"start":{"line":18,"column":25},"end":{"line":18,"column":76}}},"fnMap":{"0":{"name":"getRepoDetails","decl":{"start":{"line":6,"column":15},"end":{"line":6,"column":29}},"loc":{"start":{"line":6,"column":54},"end":{"line":16,"column":1}},"line":6}},"branchMap":{},"s":{"0":0,"1":0,"2":0,"3":0,"4":0,"5":0,"6":0,"7":0},"f":{"0":0},"b":{},"hash":"5beff7b2fd2c932271e1c77c32cfa493a191075b"}
,"/Users/ankit.agarwal/Documents/projects/hipi-web/src/sources/repos/index.js": {"path":"/Users/ankit.agarwal/Documents/projects/hipi-web/src/sources/repos/index.js","statementMap":{"0":{"start":{"line":6,"column":17},"end":{"line":6,"column":19}},"1":{"start":{"line":7,"column":2},"end":{"line":14,"column":3}},"2":{"start":{"line":8,"column":20},"end":{"line":8,"column":81}},"3":{"start":{"line":9,"column":4},"end":{"line":9,"column":34}},"4":{"start":{"line":10,"column":4},"end":{"line":10,"column":43}},"5":{"start":{"line":11,"column":4},"end":{"line":11,"column":42}},"6":{"start":{"line":13,"column":4},"end":{"line":13,"column":31}},"7":{"start":{"line":17,"column":22},"end":{"line":17,"column":70}}},"fnMap":{"0":{"name":"getTopRepos","decl":{"start":{"line":5,"column":15},"end":{"line":5,"column":26}},"loc":{"start":{"line":5,"column":37},"end":{"line":15,"column":1}},"line":5}},"branchMap":{},"s":{"0":0,"1":0,"2":0,"3":0,"4":0,"5":0,"6":0,"7":0},"f":{"0":0},"b":{},"hash":"230790d3a525d951c53951ee67fc7b4b4bda9e96"}
,"/Users/ankit.agarwal/Documents/projects/hipi-web/src/utils/app.js": {"path":"/Users/ankit.agarwal/Documents/projects/hipi-web/src/utils/app.js","statementMap":{"0":{"start":{"line":4,"column":30},"end":{"line":22,"column":1}},"1":{"start":{"line":5,"column":2},"end":{"line":20,"column":3}},"2":{"start":{"line":6,"column":4},"end":{"line":19,"column":6}},"3":{"start":{"line":7,"column":23},"end":{"line":7,"column":25}},"4":{"start":{"line":8,"column":6},"end":{"line":12,"column":7}},"5":{"start":{"line":9,"column":30},"end":{"line":9,"column":62}},"6":{"start":{"line":10,"column":8},"end":{"line":10,"column":84}},"7":{"start":{"line":11,"column":8},"end":{"line":11,"column":56}},"8":{"start":{"line":13,"column":6},"end":{"line":18,"column":8}},"9":{"start":{"line":21,"column":2},"end":{"line":21,"column":19}}},"fnMap":{"0":{"name":"(anonymous_0)","decl":{"start":{"line":4,"column":30},"end":{"line":4,"column":31}},"loc":{"start":{"line":4,"column":43},"end":{"line":22,"column":1}},"line":4},"1":{"name":"(anonymous_1)","decl":{"start":{"line":6,"column":32},"end":{"line":6,"column":33}},"loc":{"start":{"line":6,"column":55},"end":{"line":19,"column":5}},"line":6}},"branchMap":{"0":{"loc":{"start":{"line":5,"column":2},"end":{"line":20,"column":3}},"type":"if","locations":[{"start":{"line":5,"column":2},"end":{"line":20,"column":3}},{"start":{"line":5,"column":2},"end":{"line":20,"column":3}}],"line":5},"1":{"loc":{"start":{"line":6,"column":39},"end":{"line":6,"column":50}},"type":"default-arg","locations":[{"start":{"line":6,"column":48},"end":{"line":6,"column":50}}],"line":6},"2":{"loc":{"start":{"line":8,"column":6},"end":{"line":12,"column":7}},"type":"if","locations":[{"start":{"line":8,"column":6},"end":{"line":12,"column":7}},{"start":{"line":8,"column":6},"end":{"line":12,"column":7}}],"line":8},"3":{"loc":{"start":{"line":10,"column":32},"end":{"line":10,"column":82}},"type":"binary-expr","locations":[{"start":{"line":10,"column":32},"end":{"line":10,"column":76}},{"start":{"line":10,"column":80},"end":{"line":10,"column":82}}],"line":10}},"s":{"0":0,"1":0,"2":0,"3":0,"4":0,"5":0,"6":0,"7":0,"8":0,"9":0},"f":{"0":0,"1":0},"b":{"0":[0,0],"1":[0],"2":[0,0],"3":[0,0]},"hash":"3646c5325f77ceffa37c613d9a3b1f553d553e79"}
}
